<?xml version="1.0" encoding="UTF-8"?>
<testng-results skipped="0" failed="4" total="16" passed="12">
  <reporter-output>
  </reporter-output>
  <suite name="Surefire suite" duration-ms="422057" started-at="2021-03-16T17:15:46Z" finished-at="2021-03-16T17:22:48Z">
    <groups>
    </groups>
    <test name="Surefire test" duration-ms="422057" started-at="2021-03-16T17:15:46Z" finished-at="2021-03-16T17:22:48Z">
      <class name="com.crm.qa.testcases.GmailLoginPageTest">
        <test-method status="PASS" signature="setUp()[pri:0, instance:com.crm.qa.testcases.GmailLoginPageTest@4c70fda8]" name="setUp" is-config="true" duration-ms="5357" started-at="2021-03-16T22:48:27Z" finished-at="2021-03-16T22:48:32Z">
          <reporter-output>
          </reporter-output>
        </test-method> <!-- setUp -->
        <test-method status="PASS" signature="G_Login_email_Test()[pri:0, instance:com.crm.qa.testcases.GmailLoginPageTest@4c70fda8]" name="G_Login_email_Test" duration-ms="2598" started-at="2021-03-16T22:48:32Z" finished-at="2021-03-16T22:48:35Z">
          <reporter-output>
          </reporter-output>
        </test-method> <!-- G_Login_email_Test -->
        <test-method status="PASS" signature="tearDown()[pri:0, instance:com.crm.qa.testcases.GmailLoginPageTest@4c70fda8]" name="tearDown" is-config="true" duration-ms="869" started-at="2021-03-16T22:48:35Z" finished-at="2021-03-16T22:48:36Z">
          <reporter-output>
          </reporter-output>
        </test-method> <!-- tearDown -->
        <test-method status="PASS" signature="setUp()[pri:0, instance:com.crm.qa.testcases.GmailLoginPageTest@4c70fda8]" name="setUp" is-config="true" duration-ms="4882" started-at="2021-03-16T22:48:36Z" finished-at="2021-03-16T22:48:41Z">
          <reporter-output>
          </reporter-output>
        </test-method> <!-- setUp -->
        <test-method status="PASS" signature="GmailLoginPageTitleTest()[pri:0, instance:com.crm.qa.testcases.GmailLoginPageTest@4c70fda8]" name="GmailLoginPageTitleTest" duration-ms="12593" started-at="2021-03-16T22:48:41Z" finished-at="2021-03-16T22:48:53Z">
          <reporter-output>
          </reporter-output>
        </test-method> <!-- GmailLoginPageTitleTest -->
        <test-method status="PASS" signature="tearDown()[pri:0, instance:com.crm.qa.testcases.GmailLoginPageTest@4c70fda8]" name="tearDown" is-config="true" duration-ms="863" started-at="2021-03-16T22:48:53Z" finished-at="2021-03-16T22:48:54Z">
          <reporter-output>
          </reporter-output>
        </test-method> <!-- tearDown -->
        <test-method status="PASS" signature="setUp()[pri:0, instance:com.crm.qa.testcases.GmailLoginPageTest@4c70fda8]" name="setUp" is-config="true" duration-ms="5365" started-at="2021-03-16T22:48:54Z" finished-at="2021-03-16T22:48:59Z">
          <reporter-output>
          </reporter-output>
        </test-method> <!-- setUp -->
        <test-method status="FAIL" signature="LoginWithInvalidUserNameTest()[pri:0, instance:com.crm.qa.testcases.GmailLoginPageTest@4c70fda8]" name="LoginWithInvalidUserNameTest" duration-ms="20551" started-at="2021-03-16T22:48:59Z" finished-at="2021-03-16T22:49:20Z">
          <exception class="org.openqa.selenium.NoSuchElementException">
            <message>
              <![CDATA[no such element: Unable to locate element: {"method":"css selector","selector":"*[name='password']"}
  (Session info: chrome=89.0.4389.82)
For documentation on this error, please visit: https://selenium.dev/exceptions/#no_such_element
Build info: version: '4.0.0-alpha-7', revision: 'de8579b6d5'
System info: host: 'HIJ-LP094', ip: '192.168.1.4', os.name: 'Windows 10', os.arch: 'amd64', os.version: '10.0', java.version: '1.8.0_181'
Driver info: org.openqa.selenium.chrome.ChromeDriver
Capabilities {acceptInsecureCerts: false, browserName: chrome, browserVersion: 89.0.4389.82, chrome: {chromedriverVersion: 89.0.4389.23 (61b08ee2c5002..., userDataDir: C:\Users\EKTA~1.NAR\AppData...}, goog:chromeOptions: {debuggerAddress: localhost:57053}, javascriptEnabled: true, networkConnectionEnabled: false, pageLoadStrategy: normal, platform: WINDOWS, platformName: WINDOWS, proxy: Proxy(), setWindowRect: true, strictFileInteractability: false, timeouts: {implicit: 0, pageLoad: 300000, script: 30000}, unhandledPromptBehavior: dismiss and notify, webauthn:extension:largeBlob: true, webauthn:virtualAuthenticators: true}
Session ID: 5b3a6aa3e2e2d9fa847fa4949bb050ba
*** Element info: {Using=name, value=password}]]>
            </message>
            <full-stacktrace>
              <![CDATA[org.openqa.selenium.NoSuchElementException: no such element: Unable to locate element: {"method":"css selector","selector":"*[name='password']"}
  (Session info: chrome=89.0.4389.82)
For documentation on this error, please visit: https://selenium.dev/exceptions/#no_such_element
Build info: version: '4.0.0-alpha-7', revision: 'de8579b6d5'
System info: host: 'HIJ-LP094', ip: '192.168.1.4', os.name: 'Windows 10', os.arch: 'amd64', os.version: '10.0', java.version: '1.8.0_181'
Driver info: org.openqa.selenium.chrome.ChromeDriver
Capabilities {acceptInsecureCerts: false, browserName: chrome, browserVersion: 89.0.4389.82, chrome: {chromedriverVersion: 89.0.4389.23 (61b08ee2c5002..., userDataDir: C:\Users\EKTA~1.NAR\AppData...}, goog:chromeOptions: {debuggerAddress: localhost:57053}, javascriptEnabled: true, networkConnectionEnabled: false, pageLoadStrategy: normal, platform: WINDOWS, platformName: WINDOWS, proxy: Proxy(), setWindowRect: true, strictFileInteractability: false, timeouts: {implicit: 0, pageLoad: 300000, script: 30000}, unhandledPromptBehavior: dismiss and notify, webauthn:extension:largeBlob: true, webauthn:virtualAuthenticators: true}
Session ID: 5b3a6aa3e2e2d9fa847fa4949bb050ba
*** Element info: {Using=name, value=password}
	at sun.reflect.NativeConstructorAccessorImpl.newInstance0(Native Method)
	at sun.reflect.NativeConstructorAccessorImpl.newInstance(NativeConstructorAccessorImpl.java:62)
	at sun.reflect.DelegatingConstructorAccessorImpl.newInstance(DelegatingConstructorAccessorImpl.java:45)
	at java.lang.reflect.Constructor.newInstance(Constructor.java:423)
	at org.openqa.selenium.remote.codec.w3c.W3CHttpResponseCodec.createException(W3CHttpResponseCodec.java:196)
	at org.openqa.selenium.remote.codec.w3c.W3CHttpResponseCodec.decode(W3CHttpResponseCodec.java:129)
	at org.openqa.selenium.remote.codec.w3c.W3CHttpResponseCodec.decode(W3CHttpResponseCodec.java:53)
	at org.openqa.selenium.remote.HttpCommandExecutor.execute(HttpCommandExecutor.java:167)
	at org.openqa.selenium.remote.service.DriverCommandExecutor.execute(DriverCommandExecutor.java:123)
	at org.openqa.selenium.remote.RemoteWebDriver.execute(RemoteWebDriver.java:501)
	at org.openqa.selenium.remote.RemoteWebDriver.findElement(RemoteWebDriver.java:332)
	at org.openqa.selenium.By$ByName.findElement(By.java:304)
	at org.openqa.selenium.remote.RemoteWebDriver.findElement(RemoteWebDriver.java:312)
	at org.openqa.selenium.support.pagefactory.DefaultElementLocator.findElement(DefaultElementLocator.java:70)
	at org.openqa.selenium.support.pagefactory.internal.LocatingElementHandler.invoke(LocatingElementHandler.java:39)
	at com.sun.proxy.$Proxy12.sendKeys(Unknown Source)
	at com.crm.qa.pages.GmailLoginPage.LoginWithInvalidUserName(GmailLoginPage.java:55)
	at com.crm.qa.testcases.GmailLoginPageTest.LoginWithInvalidUserNameTest(GmailLoginPageTest.java:55)
	at sun.reflect.NativeMethodAccessorImpl.invoke0(Native Method)
	at sun.reflect.NativeMethodAccessorImpl.invoke(NativeMethodAccessorImpl.java:62)
	at sun.reflect.DelegatingMethodAccessorImpl.invoke(DelegatingMethodAccessorImpl.java:43)
	at java.lang.reflect.Method.invoke(Method.java:498)
	at org.testng.internal.MethodInvocationHelper.invokeMethod(MethodInvocationHelper.java:80)
	at org.testng.internal.Invoker.invokeMethod(Invoker.java:714)
	at org.testng.internal.Invoker.invokeTestMethod(Invoker.java:901)
	at org.testng.internal.Invoker.invokeTestMethods(Invoker.java:1231)
	at org.testng.internal.TestMethodWorker.invokeTestMethods(TestMethodWorker.java:127)
	at org.testng.internal.TestMethodWorker.run(TestMethodWorker.java:111)
	at org.testng.TestRunner.privateRun(TestRunner.java:767)
	at org.testng.TestRunner.run(TestRunner.java:617)
	at org.testng.SuiteRunner.runTest(SuiteRunner.java:334)
	at org.testng.SuiteRunner.runSequentially(SuiteRunner.java:329)
	at org.testng.SuiteRunner.privateRun(SuiteRunner.java:291)
	at org.testng.SuiteRunner.run(SuiteRunner.java:240)
	at org.testng.SuiteRunnerWorker.runSuite(SuiteRunnerWorker.java:52)
	at org.testng.SuiteRunnerWorker.run(SuiteRunnerWorker.java:86)
	at org.testng.TestNG.runSuitesSequentially(TestNG.java:1198)
	at org.testng.TestNG.runSuitesLocally(TestNG.java:1123)
	at org.testng.TestNG.run(TestNG.java:1031)
	at org.apache.maven.surefire.testng.TestNGExecutor.run(TestNGExecutor.java:135)
	at org.apache.maven.surefire.testng.TestNGDirectoryTestSuite.executeMulti(TestNGDirectoryTestSuite.java:193)
	at org.apache.maven.surefire.testng.TestNGDirectoryTestSuite.execute(TestNGDirectoryTestSuite.java:94)
	at org.apache.maven.surefire.testng.TestNGProvider.invoke(TestNGProvider.java:146)
	at org.apache.maven.surefire.booter.ForkedBooter.invokeProviderInSameClassLoader(ForkedBooter.java:384)
	at org.apache.maven.surefire.booter.ForkedBooter.runSuitesInProcess(ForkedBooter.java:345)
	at org.apache.maven.surefire.booter.ForkedBooter.execute(ForkedBooter.java:126)
	at org.apache.maven.surefire.booter.ForkedBooter.main(ForkedBooter.java:418)
]]>
            </full-stacktrace>
          </exception> <!-- org.openqa.selenium.NoSuchElementException -->
          <reporter-output>
          </reporter-output>
        </test-method> <!-- LoginWithInvalidUserNameTest -->
        <test-method status="PASS" signature="tearDown()[pri:0, instance:com.crm.qa.testcases.GmailLoginPageTest@4c70fda8]" name="tearDown" is-config="true" duration-ms="735" started-at="2021-03-16T22:49:20Z" finished-at="2021-03-16T22:49:21Z">
          <reporter-output>
          </reporter-output>
        </test-method> <!-- tearDown -->
        <test-method status="PASS" signature="setUp()[pri:0, instance:com.crm.qa.testcases.GmailLoginPageTest@4c70fda8]" name="setUp" is-config="true" duration-ms="4604" started-at="2021-03-16T22:49:21Z" finished-at="2021-03-16T22:49:25Z">
          <reporter-output>
          </reporter-output>
        </test-method> <!-- setUp -->
        <test-method status="FAIL" signature="LoginWithInvalidPasswordTest()[pri:0, instance:com.crm.qa.testcases.GmailLoginPageTest@4c70fda8]" name="LoginWithInvalidPasswordTest" duration-ms="2132" started-at="2021-03-16T22:49:25Z" finished-at="2021-03-16T22:49:27Z">
          <exception class="org.openqa.selenium.StaleElementReferenceException">
            <message>
              <![CDATA[stale element reference: element is not attached to the page document
  (Session info: chrome=89.0.4389.82)
For documentation on this error, please visit: https://selenium.dev/exceptions/#stale_element_reference
Build info: version: '4.0.0-alpha-7', revision: 'de8579b6d5'
System info: host: 'HIJ-LP094', ip: '192.168.1.4', os.name: 'Windows 10', os.arch: 'amd64', os.version: '10.0', java.version: '1.8.0_181'
Driver info: org.openqa.selenium.chrome.ChromeDriver
Capabilities {acceptInsecureCerts: false, browserName: chrome, browserVersion: 89.0.4389.82, chrome: {chromedriverVersion: 89.0.4389.23 (61b08ee2c5002..., userDataDir: C:\Users\EKTA~1.NAR\AppData...}, goog:chromeOptions: {debuggerAddress: localhost:57088}, javascriptEnabled: true, networkConnectionEnabled: false, pageLoadStrategy: normal, platform: WINDOWS, platformName: WINDOWS, proxy: Proxy(), setWindowRect: true, strictFileInteractability: false, timeouts: {implicit: 0, pageLoad: 300000, script: 30000}, unhandledPromptBehavior: dismiss and notify, webauthn:extension:largeBlob: true, webauthn:virtualAuthenticators: true}
Session ID: fae6245e447e41e43fecc144b3fd4621]]>
            </message>
            <full-stacktrace>
              <![CDATA[org.openqa.selenium.StaleElementReferenceException: stale element reference: element is not attached to the page document
  (Session info: chrome=89.0.4389.82)
For documentation on this error, please visit: https://selenium.dev/exceptions/#stale_element_reference
Build info: version: '4.0.0-alpha-7', revision: 'de8579b6d5'
System info: host: 'HIJ-LP094', ip: '192.168.1.4', os.name: 'Windows 10', os.arch: 'amd64', os.version: '10.0', java.version: '1.8.0_181'
Driver info: org.openqa.selenium.chrome.ChromeDriver
Capabilities {acceptInsecureCerts: false, browserName: chrome, browserVersion: 89.0.4389.82, chrome: {chromedriverVersion: 89.0.4389.23 (61b08ee2c5002..., userDataDir: C:\Users\EKTA~1.NAR\AppData...}, goog:chromeOptions: {debuggerAddress: localhost:57088}, javascriptEnabled: true, networkConnectionEnabled: false, pageLoadStrategy: normal, platform: WINDOWS, platformName: WINDOWS, proxy: Proxy(), setWindowRect: true, strictFileInteractability: false, timeouts: {implicit: 0, pageLoad: 300000, script: 30000}, unhandledPromptBehavior: dismiss and notify, webauthn:extension:largeBlob: true, webauthn:virtualAuthenticators: true}
Session ID: fae6245e447e41e43fecc144b3fd4621
	at sun.reflect.NativeConstructorAccessorImpl.newInstance0(Native Method)
	at sun.reflect.NativeConstructorAccessorImpl.newInstance(NativeConstructorAccessorImpl.java:62)
	at sun.reflect.DelegatingConstructorAccessorImpl.newInstance(DelegatingConstructorAccessorImpl.java:45)
	at java.lang.reflect.Constructor.newInstance(Constructor.java:423)
	at org.openqa.selenium.remote.codec.w3c.W3CHttpResponseCodec.createException(W3CHttpResponseCodec.java:196)
	at org.openqa.selenium.remote.codec.w3c.W3CHttpResponseCodec.decode(W3CHttpResponseCodec.java:129)
	at org.openqa.selenium.remote.codec.w3c.W3CHttpResponseCodec.decode(W3CHttpResponseCodec.java:53)
	at org.openqa.selenium.remote.HttpCommandExecutor.execute(HttpCommandExecutor.java:167)
	at org.openqa.selenium.remote.service.DriverCommandExecutor.execute(DriverCommandExecutor.java:123)
	at org.openqa.selenium.remote.RemoteWebDriver.execute(RemoteWebDriver.java:501)
	at org.openqa.selenium.remote.RemoteWebElement.execute(RemoteWebElement.java:238)
	at org.openqa.selenium.remote.RemoteWebElement.click(RemoteWebElement.java:79)
	at sun.reflect.GeneratedMethodAccessor1.invoke(Unknown Source)
	at sun.reflect.DelegatingMethodAccessorImpl.invoke(DelegatingMethodAccessorImpl.java:43)
	at java.lang.reflect.Method.invoke(Method.java:498)
	at org.openqa.selenium.support.pagefactory.internal.LocatingElementHandler.invoke(LocatingElementHandler.java:52)
	at com.sun.proxy.$Proxy12.click(Unknown Source)
	at com.crm.qa.pages.GmailLoginPage.LoginWithInvalidPassword(GmailLoginPage.java:64)
	at com.crm.qa.testcases.GmailLoginPageTest.LoginWithInvalidPasswordTest(GmailLoginPageTest.java:62)
	at sun.reflect.NativeMethodAccessorImpl.invoke0(Native Method)
	at sun.reflect.NativeMethodAccessorImpl.invoke(NativeMethodAccessorImpl.java:62)
	at sun.reflect.DelegatingMethodAccessorImpl.invoke(DelegatingMethodAccessorImpl.java:43)
	at java.lang.reflect.Method.invoke(Method.java:498)
	at org.testng.internal.MethodInvocationHelper.invokeMethod(MethodInvocationHelper.java:80)
	at org.testng.internal.Invoker.invokeMethod(Invoker.java:714)
	at org.testng.internal.Invoker.invokeTestMethod(Invoker.java:901)
	at org.testng.internal.Invoker.invokeTestMethods(Invoker.java:1231)
	at org.testng.internal.TestMethodWorker.invokeTestMethods(TestMethodWorker.java:127)
	at org.testng.internal.TestMethodWorker.run(TestMethodWorker.java:111)
	at org.testng.TestRunner.privateRun(TestRunner.java:767)
	at org.testng.TestRunner.run(TestRunner.java:617)
	at org.testng.SuiteRunner.runTest(SuiteRunner.java:334)
	at org.testng.SuiteRunner.runSequentially(SuiteRunner.java:329)
	at org.testng.SuiteRunner.privateRun(SuiteRunner.java:291)
	at org.testng.SuiteRunner.run(SuiteRunner.java:240)
	at org.testng.SuiteRunnerWorker.runSuite(SuiteRunnerWorker.java:52)
	at org.testng.SuiteRunnerWorker.run(SuiteRunnerWorker.java:86)
	at org.testng.TestNG.runSuitesSequentially(TestNG.java:1198)
	at org.testng.TestNG.runSuitesLocally(TestNG.java:1123)
	at org.testng.TestNG.run(TestNG.java:1031)
	at org.apache.maven.surefire.testng.TestNGExecutor.run(TestNGExecutor.java:135)
	at org.apache.maven.surefire.testng.TestNGDirectoryTestSuite.executeMulti(TestNGDirectoryTestSuite.java:193)
	at org.apache.maven.surefire.testng.TestNGDirectoryTestSuite.execute(TestNGDirectoryTestSuite.java:94)
	at org.apache.maven.surefire.testng.TestNGProvider.invoke(TestNGProvider.java:146)
	at org.apache.maven.surefire.booter.ForkedBooter.invokeProviderInSameClassLoader(ForkedBooter.java:384)
	at org.apache.maven.surefire.booter.ForkedBooter.runSuitesInProcess(ForkedBooter.java:345)
	at org.apache.maven.surefire.booter.ForkedBooter.execute(ForkedBooter.java:126)
	at org.apache.maven.surefire.booter.ForkedBooter.main(ForkedBooter.java:418)
]]>
            </full-stacktrace>
          </exception> <!-- org.openqa.selenium.StaleElementReferenceException -->
          <reporter-output>
          </reporter-output>
        </test-method> <!-- LoginWithInvalidPasswordTest -->
        <test-method status="PASS" signature="tearDown()[pri:0, instance:com.crm.qa.testcases.GmailLoginPageTest@4c70fda8]" name="tearDown" is-config="true" duration-ms="762" started-at="2021-03-16T22:49:27Z" finished-at="2021-03-16T22:49:28Z">
          <reporter-output>
          </reporter-output>
        </test-method> <!-- tearDown -->
        <test-method status="PASS" signature="setUp()[pri:0, instance:com.crm.qa.testcases.GmailLoginPageTest@4c70fda8]" name="setUp" is-config="true" duration-ms="5146" started-at="2021-03-16T22:49:28Z" finished-at="2021-03-16T22:49:33Z">
          <reporter-output>
          </reporter-output>
        </test-method> <!-- setUp -->
        <test-method status="PASS" signature="LoginWithBlankUserNameTest()[pri:0, instance:com.crm.qa.testcases.GmailLoginPageTest@4c70fda8]" name="LoginWithBlankUserNameTest" duration-ms="292" started-at="2021-03-16T22:49:33Z" finished-at="2021-03-16T22:49:34Z">
          <reporter-output>
          </reporter-output>
        </test-method> <!-- LoginWithBlankUserNameTest -->
        <test-method status="PASS" signature="tearDown()[pri:0, instance:com.crm.qa.testcases.GmailLoginPageTest@4c70fda8]" name="tearDown" is-config="true" duration-ms="975" started-at="2021-03-16T22:49:34Z" finished-at="2021-03-16T22:49:35Z">
          <reporter-output>
          </reporter-output>
        </test-method> <!-- tearDown -->
        <test-method status="PASS" signature="setUp()[pri:0, instance:com.crm.qa.testcases.GmailLoginPageTest@4c70fda8]" name="setUp" is-config="true" duration-ms="6703" started-at="2021-03-16T22:49:35Z" finished-at="2021-03-16T22:49:41Z">
          <reporter-output>
          </reporter-output>
        </test-method> <!-- setUp -->
        <test-method status="FAIL" signature="LoginWithBlankPasswordTest()[pri:0, instance:com.crm.qa.testcases.GmailLoginPageTest@4c70fda8]" name="LoginWithBlankPasswordTest" duration-ms="2290" started-at="2021-03-16T22:49:41Z" finished-at="2021-03-16T22:49:44Z">
          <exception class="org.openqa.selenium.StaleElementReferenceException">
            <message>
              <![CDATA[stale element reference: element is not attached to the page document
  (Session info: chrome=89.0.4389.82)
For documentation on this error, please visit: https://selenium.dev/exceptions/#stale_element_reference
Build info: version: '4.0.0-alpha-7', revision: 'de8579b6d5'
System info: host: 'HIJ-LP094', ip: '192.168.1.4', os.name: 'Windows 10', os.arch: 'amd64', os.version: '10.0', java.version: '1.8.0_181'
Driver info: org.openqa.selenium.chrome.ChromeDriver
Capabilities {acceptInsecureCerts: false, browserName: chrome, browserVersion: 89.0.4389.82, chrome: {chromedriverVersion: 89.0.4389.23 (61b08ee2c5002..., userDataDir: C:\Users\EKTA~1.NAR\AppData...}, goog:chromeOptions: {debuggerAddress: localhost:57144}, javascriptEnabled: true, networkConnectionEnabled: false, pageLoadStrategy: normal, platform: WINDOWS, platformName: WINDOWS, proxy: Proxy(), setWindowRect: true, strictFileInteractability: false, timeouts: {implicit: 0, pageLoad: 300000, script: 30000}, unhandledPromptBehavior: dismiss and notify, webauthn:extension:largeBlob: true, webauthn:virtualAuthenticators: true}
Session ID: 5ef718e341b558bf7d39195c97bcce91]]>
            </message>
            <full-stacktrace>
              <![CDATA[org.openqa.selenium.StaleElementReferenceException: stale element reference: element is not attached to the page document
  (Session info: chrome=89.0.4389.82)
For documentation on this error, please visit: https://selenium.dev/exceptions/#stale_element_reference
Build info: version: '4.0.0-alpha-7', revision: 'de8579b6d5'
System info: host: 'HIJ-LP094', ip: '192.168.1.4', os.name: 'Windows 10', os.arch: 'amd64', os.version: '10.0', java.version: '1.8.0_181'
Driver info: org.openqa.selenium.chrome.ChromeDriver
Capabilities {acceptInsecureCerts: false, browserName: chrome, browserVersion: 89.0.4389.82, chrome: {chromedriverVersion: 89.0.4389.23 (61b08ee2c5002..., userDataDir: C:\Users\EKTA~1.NAR\AppData...}, goog:chromeOptions: {debuggerAddress: localhost:57144}, javascriptEnabled: true, networkConnectionEnabled: false, pageLoadStrategy: normal, platform: WINDOWS, platformName: WINDOWS, proxy: Proxy(), setWindowRect: true, strictFileInteractability: false, timeouts: {implicit: 0, pageLoad: 300000, script: 30000}, unhandledPromptBehavior: dismiss and notify, webauthn:extension:largeBlob: true, webauthn:virtualAuthenticators: true}
Session ID: 5ef718e341b558bf7d39195c97bcce91
	at sun.reflect.NativeConstructorAccessorImpl.newInstance0(Native Method)
	at sun.reflect.NativeConstructorAccessorImpl.newInstance(NativeConstructorAccessorImpl.java:62)
	at sun.reflect.DelegatingConstructorAccessorImpl.newInstance(DelegatingConstructorAccessorImpl.java:45)
	at java.lang.reflect.Constructor.newInstance(Constructor.java:423)
	at org.openqa.selenium.remote.codec.w3c.W3CHttpResponseCodec.createException(W3CHttpResponseCodec.java:196)
	at org.openqa.selenium.remote.codec.w3c.W3CHttpResponseCodec.decode(W3CHttpResponseCodec.java:129)
	at org.openqa.selenium.remote.codec.w3c.W3CHttpResponseCodec.decode(W3CHttpResponseCodec.java:53)
	at org.openqa.selenium.remote.HttpCommandExecutor.execute(HttpCommandExecutor.java:167)
	at org.openqa.selenium.remote.service.DriverCommandExecutor.execute(DriverCommandExecutor.java:123)
	at org.openqa.selenium.remote.RemoteWebDriver.execute(RemoteWebDriver.java:501)
	at org.openqa.selenium.remote.RemoteWebElement.execute(RemoteWebElement.java:238)
	at org.openqa.selenium.remote.RemoteWebElement.click(RemoteWebElement.java:79)
	at sun.reflect.GeneratedMethodAccessor1.invoke(Unknown Source)
	at sun.reflect.DelegatingMethodAccessorImpl.invoke(DelegatingMethodAccessorImpl.java:43)
	at java.lang.reflect.Method.invoke(Method.java:498)
	at org.openqa.selenium.support.pagefactory.internal.LocatingElementHandler.invoke(LocatingElementHandler.java:52)
	at com.sun.proxy.$Proxy12.click(Unknown Source)
	at com.crm.qa.pages.GmailLoginPage.LoginWithBlankPassword(GmailLoginPage.java:79)
	at com.crm.qa.testcases.GmailLoginPageTest.LoginWithBlankPasswordTest(GmailLoginPageTest.java:74)
	at sun.reflect.NativeMethodAccessorImpl.invoke0(Native Method)
	at sun.reflect.NativeMethodAccessorImpl.invoke(NativeMethodAccessorImpl.java:62)
	at sun.reflect.DelegatingMethodAccessorImpl.invoke(DelegatingMethodAccessorImpl.java:43)
	at java.lang.reflect.Method.invoke(Method.java:498)
	at org.testng.internal.MethodInvocationHelper.invokeMethod(MethodInvocationHelper.java:80)
	at org.testng.internal.Invoker.invokeMethod(Invoker.java:714)
	at org.testng.internal.Invoker.invokeTestMethod(Invoker.java:901)
	at org.testng.internal.Invoker.invokeTestMethods(Invoker.java:1231)
	at org.testng.internal.TestMethodWorker.invokeTestMethods(TestMethodWorker.java:127)
	at org.testng.internal.TestMethodWorker.run(TestMethodWorker.java:111)
	at org.testng.TestRunner.privateRun(TestRunner.java:767)
	at org.testng.TestRunner.run(TestRunner.java:617)
	at org.testng.SuiteRunner.runTest(SuiteRunner.java:334)
	at org.testng.SuiteRunner.runSequentially(SuiteRunner.java:329)
	at org.testng.SuiteRunner.privateRun(SuiteRunner.java:291)
	at org.testng.SuiteRunner.run(SuiteRunner.java:240)
	at org.testng.SuiteRunnerWorker.runSuite(SuiteRunnerWorker.java:52)
	at org.testng.SuiteRunnerWorker.run(SuiteRunnerWorker.java:86)
	at org.testng.TestNG.runSuitesSequentially(TestNG.java:1198)
	at org.testng.TestNG.runSuitesLocally(TestNG.java:1123)
	at org.testng.TestNG.run(TestNG.java:1031)
	at org.apache.maven.surefire.testng.TestNGExecutor.run(TestNGExecutor.java:135)
	at org.apache.maven.surefire.testng.TestNGDirectoryTestSuite.executeMulti(TestNGDirectoryTestSuite.java:193)
	at org.apache.maven.surefire.testng.TestNGDirectoryTestSuite.execute(TestNGDirectoryTestSuite.java:94)
	at org.apache.maven.surefire.testng.TestNGProvider.invoke(TestNGProvider.java:146)
	at org.apache.maven.surefire.booter.ForkedBooter.invokeProviderInSameClassLoader(ForkedBooter.java:384)
	at org.apache.maven.surefire.booter.ForkedBooter.runSuitesInProcess(ForkedBooter.java:345)
	at org.apache.maven.surefire.booter.ForkedBooter.execute(ForkedBooter.java:126)
	at org.apache.maven.surefire.booter.ForkedBooter.main(ForkedBooter.java:418)
]]>
            </full-stacktrace>
          </exception> <!-- org.openqa.selenium.StaleElementReferenceException -->
          <reporter-output>
          </reporter-output>
        </test-method> <!-- LoginWithBlankPasswordTest -->
        <test-method status="PASS" signature="tearDown()[pri:0, instance:com.crm.qa.testcases.GmailLoginPageTest@4c70fda8]" name="tearDown" is-config="true" duration-ms="836" started-at="2021-03-16T22:49:44Z" finished-at="2021-03-16T22:49:44Z">
          <reporter-output>
          </reporter-output>
        </test-method> <!-- tearDown -->
      </class> <!-- com.crm.qa.testcases.GmailLoginPageTest -->
      <class name="com.crm.qa.testcases.GmailSendPageTest">
        <test-method status="PASS" signature="setUp()[pri:0, instance:com.crm.qa.testcases.GmailSendPageTest@224edc67]" name="setUp" is-config="true" duration-ms="30747" started-at="2021-03-16T22:49:44Z" finished-at="2021-03-16T22:50:15Z">
          <reporter-output>
          </reporter-output>
        </test-method> <!-- setUp -->
        <test-method status="PASS" signature="MailSearchOptionsBarTest()[pri:0, instance:com.crm.qa.testcases.GmailSendPageTest@224edc67]" name="MailSearchOptionsBarTest" duration-ms="152" started-at="2021-03-16T22:50:15Z" finished-at="2021-03-16T22:50:15Z">
          <reporter-output>
          </reporter-output>
        </test-method> <!-- MailSearchOptionsBarTest -->
        <test-method status="PASS" signature="tearDown()[pri:0, instance:com.crm.qa.testcases.GmailSendPageTest@224edc67]" name="tearDown" is-config="true" duration-ms="1192" started-at="2021-03-16T22:50:15Z" finished-at="2021-03-16T22:50:16Z">
          <reporter-output>
          </reporter-output>
        </test-method> <!-- tearDown -->
        <test-method status="PASS" signature="setUp()[pri:0, instance:com.crm.qa.testcases.GmailSendPageTest@224edc67]" name="setUp" is-config="true" duration-ms="29738" started-at="2021-03-16T22:50:16Z" finished-at="2021-03-16T22:50:46Z">
          <reporter-output>
          </reporter-output>
        </test-method> <!-- setUp -->
        <test-method status="PASS" signature="SearchFromTest()[pri:0, instance:com.crm.qa.testcases.GmailSendPageTest@224edc67]" name="SearchFromTest" duration-ms="4863" started-at="2021-03-16T22:50:46Z" finished-at="2021-03-16T22:50:51Z">
          <reporter-output>
          </reporter-output>
        </test-method> <!-- SearchFromTest -->
        <test-method status="PASS" signature="tearDown()[pri:0, instance:com.crm.qa.testcases.GmailSendPageTest@224edc67]" name="tearDown" is-config="true" duration-ms="884" started-at="2021-03-16T22:50:51Z" finished-at="2021-03-16T22:50:52Z">
          <reporter-output>
          </reporter-output>
        </test-method> <!-- tearDown -->
        <test-method status="PASS" signature="setUp()[pri:0, instance:com.crm.qa.testcases.GmailSendPageTest@224edc67]" name="setUp" is-config="true" duration-ms="30721" started-at="2021-03-16T22:50:52Z" finished-at="2021-03-16T22:51:23Z">
          <reporter-output>
          </reporter-output>
        </test-method> <!-- setUp -->
        <test-method status="FAIL" signature="DeleteMailFromSentBoxTest()[pri:0, instance:com.crm.qa.testcases.GmailSendPageTest@224edc67]" name="DeleteMailFromSentBoxTest" duration-ms="26053" started-at="2021-03-16T22:51:23Z" finished-at="2021-03-16T22:51:49Z">
          <exception class="org.openqa.selenium.NoSuchElementException">
            <message>
              <![CDATA[no such element: Unable to locate element: {"method":"xpath","selector":"/html/body/div[7]/div[3]/div/div[2]/div[1]/div[2]/div/div/div/div/div[1]/div[3]/div[2]/div[1]/div/div/div[1]/div/div[1]/span"}
  (Session info: chrome=89.0.4389.82)
For documentation on this error, please visit: https://selenium.dev/exceptions/#no_such_element
Build info: version: '4.0.0-alpha-7', revision: 'de8579b6d5'
System info: host: 'HIJ-LP094', ip: '192.168.1.4', os.name: 'Windows 10', os.arch: 'amd64', os.version: '10.0', java.version: '1.8.0_181'
Driver info: org.openqa.selenium.chrome.ChromeDriver
Capabilities {acceptInsecureCerts: false, browserName: chrome, browserVersion: 89.0.4389.82, chrome: {chromedriverVersion: 89.0.4389.23 (61b08ee2c5002..., userDataDir: C:\Users\EKTA~1.NAR\AppData...}, goog:chromeOptions: {debuggerAddress: localhost:57252}, javascriptEnabled: true, networkConnectionEnabled: false, pageLoadStrategy: normal, platform: WINDOWS, platformName: WINDOWS, proxy: Proxy(), setWindowRect: true, strictFileInteractability: false, timeouts: {implicit: 0, pageLoad: 300000, script: 30000}, unhandledPromptBehavior: dismiss and notify, webauthn:extension:largeBlob: true, webauthn:virtualAuthenticators: true}
Session ID: 94e0fc2f5284d4c0eacf0c7e29bb3cc7
*** Element info: {Using=xpath, value=/html/body/div[7]/div[3]/div/div[2]/div[1]/div[2]/div/div/div/div/div[1]/div[3]/div[2]/div[1]/div/div/div[1]/div/div[1]/span}]]>
            </message>
            <full-stacktrace>
              <![CDATA[org.openqa.selenium.NoSuchElementException: no such element: Unable to locate element: {"method":"xpath","selector":"/html/body/div[7]/div[3]/div/div[2]/div[1]/div[2]/div/div/div/div/div[1]/div[3]/div[2]/div[1]/div/div/div[1]/div/div[1]/span"}
  (Session info: chrome=89.0.4389.82)
For documentation on this error, please visit: https://selenium.dev/exceptions/#no_such_element
Build info: version: '4.0.0-alpha-7', revision: 'de8579b6d5'
System info: host: 'HIJ-LP094', ip: '192.168.1.4', os.name: 'Windows 10', os.arch: 'amd64', os.version: '10.0', java.version: '1.8.0_181'
Driver info: org.openqa.selenium.chrome.ChromeDriver
Capabilities {acceptInsecureCerts: false, browserName: chrome, browserVersion: 89.0.4389.82, chrome: {chromedriverVersion: 89.0.4389.23 (61b08ee2c5002..., userDataDir: C:\Users\EKTA~1.NAR\AppData...}, goog:chromeOptions: {debuggerAddress: localhost:57252}, javascriptEnabled: true, networkConnectionEnabled: false, pageLoadStrategy: normal, platform: WINDOWS, platformName: WINDOWS, proxy: Proxy(), setWindowRect: true, strictFileInteractability: false, timeouts: {implicit: 0, pageLoad: 300000, script: 30000}, unhandledPromptBehavior: dismiss and notify, webauthn:extension:largeBlob: true, webauthn:virtualAuthenticators: true}
Session ID: 94e0fc2f5284d4c0eacf0c7e29bb3cc7
*** Element info: {Using=xpath, value=/html/body/div[7]/div[3]/div/div[2]/div[1]/div[2]/div/div/div/div/div[1]/div[3]/div[2]/div[1]/div/div/div[1]/div/div[1]/span}
	at sun.reflect.NativeConstructorAccessorImpl.newInstance0(Native Method)
	at sun.reflect.NativeConstructorAccessorImpl.newInstance(NativeConstructorAccessorImpl.java:62)
	at sun.reflect.DelegatingConstructorAccessorImpl.newInstance(DelegatingConstructorAccessorImpl.java:45)
	at java.lang.reflect.Constructor.newInstance(Constructor.java:423)
	at org.openqa.selenium.remote.codec.w3c.W3CHttpResponseCodec.createException(W3CHttpResponseCodec.java:196)
	at org.openqa.selenium.remote.codec.w3c.W3CHttpResponseCodec.decode(W3CHttpResponseCodec.java:129)
	at org.openqa.selenium.remote.codec.w3c.W3CHttpResponseCodec.decode(W3CHttpResponseCodec.java:53)
	at org.openqa.selenium.remote.HttpCommandExecutor.execute(HttpCommandExecutor.java:167)
	at org.openqa.selenium.remote.service.DriverCommandExecutor.execute(DriverCommandExecutor.java:123)
	at org.openqa.selenium.remote.RemoteWebDriver.execute(RemoteWebDriver.java:501)
	at org.openqa.selenium.remote.RemoteWebDriver.findElement(RemoteWebDriver.java:332)
	at org.openqa.selenium.By$ByXPath.findElement(By.java:379)
	at org.openqa.selenium.remote.RemoteWebDriver.findElement(RemoteWebDriver.java:312)
	at com.crm.qa.pages.GmailSendPage.DeleteMailFromSentBox(GmailSendPage.java:97)
	at com.crm.qa.testcases.GmailSendPageTest.DeleteMailFromSentBoxTest(GmailSendPageTest.java:63)
	at sun.reflect.NativeMethodAccessorImpl.invoke0(Native Method)
	at sun.reflect.NativeMethodAccessorImpl.invoke(NativeMethodAccessorImpl.java:62)
	at sun.reflect.DelegatingMethodAccessorImpl.invoke(DelegatingMethodAccessorImpl.java:43)
	at java.lang.reflect.Method.invoke(Method.java:498)
	at org.testng.internal.MethodInvocationHelper.invokeMethod(MethodInvocationHelper.java:80)
	at org.testng.internal.Invoker.invokeMethod(Invoker.java:714)
	at org.testng.internal.Invoker.invokeTestMethod(Invoker.java:901)
	at org.testng.internal.Invoker.invokeTestMethods(Invoker.java:1231)
	at org.testng.internal.TestMethodWorker.invokeTestMethods(TestMethodWorker.java:127)
	at org.testng.internal.TestMethodWorker.run(TestMethodWorker.java:111)
	at org.testng.TestRunner.privateRun(TestRunner.java:767)
	at org.testng.TestRunner.run(TestRunner.java:617)
	at org.testng.SuiteRunner.runTest(SuiteRunner.java:334)
	at org.testng.SuiteRunner.runSequentially(SuiteRunner.java:329)
	at org.testng.SuiteRunner.privateRun(SuiteRunner.java:291)
	at org.testng.SuiteRunner.run(SuiteRunner.java:240)
	at org.testng.SuiteRunnerWorker.runSuite(SuiteRunnerWorker.java:52)
	at org.testng.SuiteRunnerWorker.run(SuiteRunnerWorker.java:86)
	at org.testng.TestNG.runSuitesSequentially(TestNG.java:1198)
	at org.testng.TestNG.runSuitesLocally(TestNG.java:1123)
	at org.testng.TestNG.run(TestNG.java:1031)
	at org.apache.maven.surefire.testng.TestNGExecutor.run(TestNGExecutor.java:135)
	at org.apache.maven.surefire.testng.TestNGDirectoryTestSuite.executeMulti(TestNGDirectoryTestSuite.java:193)
	at org.apache.maven.surefire.testng.TestNGDirectoryTestSuite.execute(TestNGDirectoryTestSuite.java:94)
	at org.apache.maven.surefire.testng.TestNGProvider.invoke(TestNGProvider.java:146)
	at org.apache.maven.surefire.booter.ForkedBooter.invokeProviderInSameClassLoader(ForkedBooter.java:384)
	at org.apache.maven.surefire.booter.ForkedBooter.runSuitesInProcess(ForkedBooter.java:345)
	at org.apache.maven.surefire.booter.ForkedBooter.execute(ForkedBooter.java:126)
	at org.apache.maven.surefire.booter.ForkedBooter.main(ForkedBooter.java:418)
]]>
            </full-stacktrace>
          </exception> <!-- org.openqa.selenium.NoSuchElementException -->
          <reporter-output>
          </reporter-output>
        </test-method> <!-- DeleteMailFromSentBoxTest -->
        <test-method status="PASS" signature="tearDown()[pri:0, instance:com.crm.qa.testcases.GmailSendPageTest@224edc67]" name="tearDown" is-config="true" duration-ms="903" started-at="2021-03-16T22:51:49Z" finished-at="2021-03-16T22:51:50Z">
          <reporter-output>
          </reporter-output>
        </test-method> <!-- tearDown -->
        <test-method status="PASS" signature="setUp()[pri:0, instance:com.crm.qa.testcases.GmailSendPageTest@224edc67]" name="setUp" is-config="true" duration-ms="27036" started-at="2021-03-16T22:51:50Z" finished-at="2021-03-16T22:52:17Z">
          <reporter-output>
          </reporter-output>
        </test-method> <!-- setUp -->
        <test-method status="PASS" signature="EndtoEndTest()[pri:0, instance:com.crm.qa.testcases.GmailSendPageTest@224edc67]" name="EndtoEndTest" duration-ms="30096" started-at="2021-03-16T22:52:17Z" finished-at="2021-03-16T22:52:47Z">
          <reporter-output>
          </reporter-output>
        </test-method> <!-- EndtoEndTest -->
        <test-method status="PASS" signature="tearDown()[pri:0, instance:com.crm.qa.testcases.GmailSendPageTest@224edc67]" name="tearDown" is-config="true" duration-ms="971" started-at="2021-03-16T22:52:47Z" finished-at="2021-03-16T22:52:48Z">
          <reporter-output>
          </reporter-output>
        </test-method> <!-- tearDown -->
      </class> <!-- com.crm.qa.testcases.GmailSendPageTest -->
      <class name="com.crm.qa.testcases.GmailInboxPageTest">
        <test-method status="PASS" signature="setUp()[pri:0, instance:com.crm.qa.testcases.GmailInboxPageTest@39aeed2f]" name="setUp" is-config="true" duration-ms="16243" started-at="2021-03-16T22:46:23Z" finished-at="2021-03-16T22:46:39Z">
          <reporter-output>
          </reporter-output>
        </test-method> <!-- setUp -->
        <test-method status="PASS" signature="SwitchWindowTest()[pri:0, instance:com.crm.qa.testcases.GmailInboxPageTest@39aeed2f]" name="SwitchWindowTest" duration-ms="11283" started-at="2021-03-16T22:46:39Z" finished-at="2021-03-16T22:46:50Z">
          <reporter-output>
          </reporter-output>
        </test-method> <!-- SwitchWindowTest -->
        <test-method status="PASS" signature="tearDown()[pri:0, instance:com.crm.qa.testcases.GmailInboxPageTest@39aeed2f]" name="tearDown" is-config="true" duration-ms="861" started-at="2021-03-16T22:46:50Z" finished-at="2021-03-16T22:46:51Z">
          <reporter-output>
          </reporter-output>
        </test-method> <!-- tearDown -->
        <test-method status="PASS" signature="setUp()[pri:0, instance:com.crm.qa.testcases.GmailInboxPageTest@39aeed2f]" name="setUp" is-config="true" duration-ms="17218" started-at="2021-03-16T22:46:51Z" finished-at="2021-03-16T22:47:09Z">
          <reporter-output>
          </reporter-output>
        </test-method> <!-- setUp -->
        <test-method status="PASS" signature="ComposeMailTest()[pri:0, instance:com.crm.qa.testcases.GmailInboxPageTest@39aeed2f]" name="ComposeMailTest" duration-ms="14464" started-at="2021-03-16T22:47:09Z" finished-at="2021-03-16T22:47:23Z">
          <reporter-output>
          </reporter-output>
        </test-method> <!-- ComposeMailTest -->
        <test-method status="PASS" signature="tearDown()[pri:0, instance:com.crm.qa.testcases.GmailInboxPageTest@39aeed2f]" name="tearDown" is-config="true" duration-ms="975" started-at="2021-03-16T22:47:23Z" finished-at="2021-03-16T22:47:24Z">
          <reporter-output>
          </reporter-output>
        </test-method> <!-- tearDown -->
        <test-method status="PASS" signature="setUp()[pri:0, instance:com.crm.qa.testcases.GmailInboxPageTest@39aeed2f]" name="setUp" is-config="true" duration-ms="18578" started-at="2021-03-16T22:47:24Z" finished-at="2021-03-16T22:47:43Z">
          <reporter-output>
          </reporter-output>
        </test-method> <!-- setUp -->
        <test-method status="PASS" signature="ClickOnSentItemBoxTest()[pri:0, instance:com.crm.qa.testcases.GmailInboxPageTest@39aeed2f]" name="ClickOnSentItemBoxTest" duration-ms="13992" started-at="2021-03-16T22:47:43Z" finished-at="2021-03-16T22:47:57Z">
          <reporter-output>
          </reporter-output>
        </test-method> <!-- ClickOnSentItemBoxTest -->
        <test-method status="PASS" signature="tearDown()[pri:0, instance:com.crm.qa.testcases.GmailInboxPageTest@39aeed2f]" name="tearDown" is-config="true" duration-ms="931" started-at="2021-03-16T22:47:57Z" finished-at="2021-03-16T22:47:57Z">
          <reporter-output>
          </reporter-output>
        </test-method> <!-- tearDown -->
        <test-method status="PASS" signature="setUp()[pri:0, instance:com.crm.qa.testcases.GmailInboxPageTest@39aeed2f]" name="setUp" is-config="true" duration-ms="16252" started-at="2021-03-16T22:47:57Z" finished-at="2021-03-16T22:48:14Z">
          <reporter-output>
          </reporter-output>
        </test-method> <!-- setUp -->
        <test-method status="PASS" signature="InvlaidUserNameMailSendTest()[pri:0, instance:com.crm.qa.testcases.GmailInboxPageTest@39aeed2f]" name="InvlaidUserNameMailSendTest" duration-ms="11848" started-at="2021-03-16T22:48:14Z" finished-at="2021-03-16T22:48:26Z">
          <reporter-output>
          </reporter-output>
        </test-method> <!-- InvlaidUserNameMailSendTest -->
        <test-method status="PASS" signature="tearDown()[pri:0, instance:com.crm.qa.testcases.GmailInboxPageTest@39aeed2f]" name="tearDown" is-config="true" duration-ms="1206" started-at="2021-03-16T22:48:26Z" finished-at="2021-03-16T22:48:27Z">
          <reporter-output>
          </reporter-output>
        </test-method> <!-- tearDown -->
      </class> <!-- com.crm.qa.testcases.GmailInboxPageTest -->
      <class name="com.crm.qa.testcases.GmailHomePageTest">
        <test-method status="PASS" signature="setUp()[pri:0, instance:com.crm.qa.testcases.GmailHomePageTest@26be92ad]" name="setUp" is-config="true" duration-ms="10852" started-at="2021-03-16T22:45:46Z" finished-at="2021-03-16T22:45:57Z">
          <reporter-output>
          </reporter-output>
        </test-method> <!-- setUp -->
        <test-method status="PASS" signature="VerifyClickOnGoogleAppTest()[pri:0, instance:com.crm.qa.testcases.GmailHomePageTest@26be92ad]" name="VerifyClickOnGoogleAppTest" duration-ms="8370" started-at="2021-03-16T22:45:57Z" finished-at="2021-03-16T22:46:05Z">
          <reporter-output>
          </reporter-output>
        </test-method> <!-- VerifyClickOnGoogleAppTest -->
        <test-method status="PASS" signature="tearDown()[pri:0, instance:com.crm.qa.testcases.GmailHomePageTest@26be92ad]" name="tearDown" is-config="true" duration-ms="753" started-at="2021-03-16T22:46:05Z" finished-at="2021-03-16T22:46:06Z">
          <reporter-output>
          </reporter-output>
        </test-method> <!-- tearDown -->
        <test-method status="PASS" signature="setUp()[pri:0, instance:com.crm.qa.testcases.GmailHomePageTest@26be92ad]" name="setUp" is-config="true" duration-ms="7785" started-at="2021-03-16T22:46:06Z" finished-at="2021-03-16T22:46:13Z">
          <reporter-output>
          </reporter-output>
        </test-method> <!-- setUp -->
        <test-method status="PASS" signature="VerifyClickOnGmailIconTest()[pri:0, instance:com.crm.qa.testcases.GmailHomePageTest@26be92ad]" name="VerifyClickOnGmailIconTest" duration-ms="8680" started-at="2021-03-16T22:46:13Z" finished-at="2021-03-16T22:46:22Z">
          <reporter-output>
          </reporter-output>
        </test-method> <!-- VerifyClickOnGmailIconTest -->
        <test-method status="PASS" signature="tearDown()[pri:0, instance:com.crm.qa.testcases.GmailHomePageTest@26be92ad]" name="tearDown" is-config="true" duration-ms="803" started-at="2021-03-16T22:46:22Z" finished-at="2021-03-16T22:46:23Z">
          <reporter-output>
          </reporter-output>
        </test-method> <!-- tearDown -->
      </class> <!-- com.crm.qa.testcases.GmailHomePageTest -->
    </test> <!-- Surefire test -->
  </suite> <!-- Surefire suite -->
</testng-results>
